  1.000000e-02   2.286256e+02
  5.000000e-01   2.285682e+02
  1.000000e+00   2.285669e+02
  1.500000e+00   2.285652e+02
  2.000000e+00   2.285625e+02
  2.500000e+00   2.285585e+02
  3.000000e+00   2.285527e+02
  3.500000e+00   2.285444e+02
  4.000000e+00   2.285325e+02
  4.500000e+00   2.285155e+02
  5.000000e+00   2.284911e+02
  5.500000e+00   2.284563e+02
  6.000000e+00   2.284065e+02
  6.500000e+00   2.283352e+02
  7.000000e+00   2.282330e+02
  7.500000e+00   2.280866e+02
  8.000000e+00   2.278768e+02
  8.500000e+00   2.275762e+02
  9.000000e+00   2.271468e+02
  9.500000e+00   2.265366e+02
  1.000000e+01   2.256783e+02
  1.050000e+01   2.244912e+02
  1.100000e+01   2.228910e+02
  1.150000e+01   2.208065e+02
  1.200000e+01   2.182033e+02
  1.250000e+01   2.151072e+02
